<?xml version="1.0" encoding="UTF-8"?>
<!-- Generated by org.testng.reporters.JUnitReportReporter -->
<testsuite hostname="DESKTOP-0MGR9KI" failures="0" tests="4" name="com.nexsoft.appium.TestCalculator" time="15.035" errors="0" timestamp="2022-06-22T00:27:30 ICT" skipped="0">
  <testcase classname="com.nexsoft.appium.TestCalculator" name="test_functionTambah" time="3.940"/>
  <system-out/>
  <testcase classname="com.nexsoft.appium.TestCalculator" name="test_functionKurang" time="3.582"/>
  <system-out/>
  <testcase classname="com.nexsoft.appium.TestCalculator" name="test_functionKali" time="3.513"/>
  <system-out/>
  <testcase classname="com.nexsoft.appium.TestCalculator" name="test_functionBagi" time="4.000"/>
  <system-out/>
</testsuite> <!-- com.nexsoft.appium.TestCalculator -->
