<?xml version="1.0" encoding="UTF-8"?>
<!-- Generated by org.testng.reporters.JUnitReportReporter -->
<testsuite hostname="DESKTOP-0MGR9KI" failures="0" tests="4" name="com.nexsoft.appium.TestCalculator" time="14.639" errors="0" timestamp="2022-07-09T18:27:29 ICT" skipped="0">
  <testcase classname="com.nexsoft.appium.TestCalculator" name="test_functionTambah" time="3.897"/>
  <system-out/>
  <testcase classname="com.nexsoft.appium.TestCalculator" name="test_functionKurang" time="3.498"/>
  <system-out/>
  <testcase classname="com.nexsoft.appium.TestCalculator" name="test_functionKali" time="3.305"/>
  <system-out/>
  <testcase classname="com.nexsoft.appium.TestCalculator" name="test_functionBagi" time="3.939"/>
  <system-out/>
</testsuite> <!-- com.nexsoft.appium.TestCalculator -->
